<?xml version="1.0" encoding="UTF-8"?>
<!-- Generated by org.testng.reporters.JUnitReportReporter -->
<testsuite hostname="DESKTOP-8213SDT" failures="0" tests="1" name="hrmstestscript.TC_002" time="89.404" errors="0" timestamp="21 Mar 2022 12:45:05 GMT">
  <testcase classname="hrmstestscript.TC_002" name="tc002" time="89.404"/>
</testsuite> <!-- hrmstestscript.TC_002 -->
